# JRE version: Java(TM) SE Runtime Environment (8.0_144-b01) (build 1.8.0_144-b01)
# Java VM: Java HotSpot(TM) 64-Bit Server VM (25.144-b01 mixed mode linux-amd64 compressed oops)
Heap:
 PSYoungGen      total 68608K, used 5118K [0x00000000d6f80000, 0x00000000db780000, 0x0000000100000000)
  eden space 63488K, 0% used [0x00000000d6f80000,0x00000000d6f80000,0x00000000dad80000)
  from space 5120K, 99% used [0x00000000dad80000,0x00000000db27fa48,0x00000000db280000)
  to   space 5120K, 0% used [0x00000000db280000,0x00000000db280000,0x00000000db780000)
 ParOldGen       total 138240K, used 97865K [0x0000000084e00000, 0x000000008d500000, 0x00000000d6f80000)
  object space 138240K, 70% used [0x0000000084e00000,0x000000008ad92668,0x000000008d500000)
 Metaspace       used 3753K, capacity 5072K, committed 5376K, reserved 1056768K
  class space    used 392K, capacity 456K, committed 512K, reserved 1048576K
GC Heap History (10 events):
Event: 2,862 GC heap after
Heap after GC invocations=1 (full 0):
 PSYoungGen      total 36864K, used 5120K [0x00000000d6f80000, 0x00000000d9880000, 0x0000000100000000)
  eden space 31744K, 0% used [0x00000000d6f80000,0x00000000d6f80000,0x00000000d8e80000)
  from space 5120K, 100% used [0x00000000d8e80000,0x00000000d9380000,0x00000000d9380000)
  to   space 5120K, 0% used [0x00000000d9380000,0x00000000d9380000,0x00000000d9880000)
 ParOldGen       total 84992K, used 8974K [0x0000000084e00000, 0x000000008a100000, 0x00000000d6f80000)
  object space 84992K, 10% used [0x0000000084e00000,0x00000000856c3b98,0x000000008a100000)
 Metaspace       used 3491K, capacity 4944K, committed 5120K, reserved 1056768K
  class space    used 367K, capacity 456K, committed 512K, reserved 1048576K
}
Event: 3,115 GC heap before
{Heap before GC invocations=2 (full 0):
 PSYoungGen      total 36864K, used 36864K [0x00000000d6f80000, 0x00000000d9880000, 0x0000000100000000)
  eden space 31744K, 100% used [0x00000000d6f80000,0x00000000d8e80000,0x00000000d8e80000)
  from space 5120K, 100% used [0x00000000d8e80000,0x00000000d9380000,0x00000000d9380000)
  to   space 5120K, 0% used [0x00000000d9380000,0x00000000d9380000,0x00000000d9880000)
 ParOldGen       total 84992K, used 8974K [0x0000000084e00000, 0x000000008a100000, 0x00000000d6f80000)
  object space 84992K, 10% used [0x0000000084e00000,0x00000000856c3b98,0x000000008a100000)
 Metaspace       used 3495K, capacity 4944K, committed 5120K, reserved 1056768K
  class space    used 367K, capacity 456K, committed 512K, reserved 1048576K
Event: 3,148 GC heap after
Heap after GC invocations=2 (full 0):
 PSYoungGen      total 36864K, used 5104K [0x00000000d6f80000, 0x00000000db780000, 0x0000000100000000)
  eden space 31744K, 0% used [0x00000000d6f80000,0x00000000d6f80000,0x00000000d8e80000)
  from space 5120K, 99% used [0x00000000d9380000,0x00000000d987c010,0x00000000d9880000)
  to   space 5120K, 0% used [0x00000000d8e80000,0x00000000d8e80000,0x00000000d9380000)
 ParOldGen       total 84992K, used 26168K [0x0000000084e00000, 0x000000008a100000, 0x00000000d6f80000)
  object space 84992K, 30% used [0x0000000084e00000,0x000000008678e048,0x000000008a100000)
 Metaspace       used 3495K, capacity 4944K, committed 5120K, reserved 1056768K
  class space    used 367K, capacity 456K, committed 512K, reserved 1048576K
}
Event: 3,316 GC heap before
{Heap before GC invocations=3 (full 0):
 PSYoungGen      total 36864K, used 36848K [0x00000000d6f80000, 0x00000000db780000, 0x0000000100000000)
  eden space 31744K, 100% used [0x00000000d6f80000,0x00000000d8e80000,0x00000000d8e80000)
  from space 5120K, 99% used [0x00000000d9380000,0x00000000d987c010,0x00000000d9880000)
  to   space 5120K, 0% used [0x00000000d8e80000,0x00000000d8e80000,0x00000000d9380000)
 ParOldGen       total 84992K, used 26168K [0x0000000084e00000, 0x000000008a100000, 0x00000000d6f80000)
  object space 84992K, 30% used [0x0000000084e00000,0x000000008678e048,0x000000008a100000)
 Metaspace       used 3534K, capacity 4944K, committed 5120K, reserved 1056768K
  class space    used 373K, capacity 456K, committed 512K, reserved 1048576K
Event: 3,338 GC heap after
Heap after GC invocations=3 (full 0):
 PSYoungGen      total 36864K, used 5104K [0x00000000d6f80000, 0x00000000db780000, 0x0000000100000000)
  eden space 31744K, 0% used [0x00000000d6f80000,0x00000000d6f80000,0x00000000d8e80000)
  from space 5120K, 99% used [0x00000000d8e80000,0x00000000d937c020,0x00000000d9380000)
  to   space 5120K, 0% used [0x00000000db280000,0x00000000db280000,0x00000000db780000)
 ParOldGen       total 84992K, used 43648K [0x0000000084e00000, 0x000000008a100000, 0x00000000d6f80000)
  object space 84992K, 51% used [0x0000000084e00000,0x00000000878a0190,0x000000008a100000)
 Metaspace       used 3534K, capacity 4944K, committed 5120K, reserved 1056768K
  class space    used 373K, capacity 456K, committed 512K, reserved 1048576K
}
Event: 4,685 GC heap before
{Heap before GC invocations=4 (full 0):
 PSYoungGen      total 36864K, used 36848K [0x00000000d6f80000, 0x00000000db780000, 0x0000000100000000)
  eden space 31744K, 100% used [0x00000000d6f80000,0x00000000d8e80000,0x00000000d8e80000)
  from space 5120K, 99% used [0x00000000d8e80000,0x00000000d937c020,0x00000000d9380000)
  to   space 5120K, 0% used [0x00000000db280000,0x00000000db280000,0x00000000db780000)
 ParOldGen       total 84992K, used 43648K [0x0000000084e00000, 0x000000008a100000, 0x00000000d6f80000)
  object space 84992K, 51% used [0x0000000084e00000,0x00000000878a0190,0x000000008a100000)
 Metaspace       used 3535K, capacity 4944K, committed 5120K, reserved 1056768K
  class space    used 373K, capacity 456K, committed 512K, reserved 1048576K
Event: 4,703 GC heap after
Heap after GC invocations=4 (full 0):
 PSYoungGen      total 68608K, used 5088K [0x00000000d6f80000, 0x00000000db780000, 0x0000000100000000)
  eden space 63488K, 0% used [0x00000000d6f80000,0x00000000d6f80000,0x00000000dad80000)
  from space 5120K, 99% used [0x00000000db280000,0x00000000db778010,0x00000000db780000)
  to   space 5120K, 0% used [0x00000000dad80000,0x00000000dad80000,0x00000000db280000)
 ParOldGen       total 84992K, used 62998K [0x0000000084e00000, 0x000000008a100000, 0x00000000d6f80000)
  object space 84992K, 74% used [0x0000000084e00000,0x0000000088b85848,0x000000008a100000)
 Metaspace       used 3535K, capacity 4944K, committed 5120K, reserved 1056768K
  class space    used 373K, capacity 456K, committed 512K, reserved 1048576K
}
Event: 4,703 GC heap before
{Heap before GC invocations=5 (full 1):
 PSYoungGen      total 68608K, used 5088K [0x00000000d6f80000, 0x00000000db780000, 0x0000000100000000)
  eden space 63488K, 0% used [0x00000000d6f80000,0x00000000d6f80000,0x00000000dad80000)
  from space 5120K, 99% used [0x00000000db280000,0x00000000db778010,0x00000000db780000)
  to   space 5120K, 0% used [0x00000000dad80000,0x00000000dad80000,0x00000000db280000)
 ParOldGen       total 84992K, used 62998K [0x0000000084e00000, 0x000000008a100000, 0x00000000d6f80000)
  object space 84992K, 74% used [0x0000000084e00000,0x0000000088b85848,0x000000008a100000)
 Metaspace       used 3535K, capacity 4944K, committed 5120K, reserved 1056768K
  class space    used 373K, capacity 456K, committed 512K, reserved 1048576K
Event: 4,983 GC heap after
Heap after GC invocations=5 (full 1):
 PSYoungGen      total 68608K, used 0K [0x00000000d6f80000, 0x00000000db780000, 0x0000000100000000)
  eden space 63488K, 0% used [0x00000000d6f80000,0x00000000d6f80000,0x00000000dad80000)
  from space 5120K, 0% used [0x00000000db280000,0x00000000db280000,0x00000000db780000)
  to   space 5120K, 0% used [0x00000000dad80000,0x00000000dad80000,0x00000000db280000)
 ParOldGen       total 138240K, used 67340K [0x0000000084e00000, 0x000000008d500000, 0x00000000d6f80000)
  object space 138240K, 48% used [0x0000000084e00000,0x0000000088fc3228,0x000000008d500000)
 Metaspace       used 3535K, capacity 4944K, committed 5120K, reserved 1056768K
  class space    used 373K, capacity 456K, committed 512K, reserved 1048576K
}
Event: 47,477 GC heap before
{Heap before GC invocations=6 (full 1):
 PSYoungGen      total 68608K, used 63488K [0x00000000d6f80000, 0x00000000db780000, 0x0000000100000000)
  eden space 63488K, 100% used [0x00000000d6f80000,0x00000000dad80000,0x00000000dad80000)
  from space 5120K, 0% used [0x00000000db280000,0x00000000db280000,0x00000000db780000)
  to   space 5120K, 0% used [0x00000000dad80000,0x00000000dad80000,0x00000000db280000)
 ParOldGen       total 138240K, used 67340K [0x0000000084e00000, 0x000000008d500000, 0x00000000d6f80000)
  object space 138240K, 48% used [0x0000000084e00000,0x0000000088fc3228,0x000000008d500000)
 Metaspace       used 3753K, capacity 5072K, committed 5376K, reserved 1056768K
  class space    used 392K, capacity 456K, committed 512K, reserved 1048576K

